{"F:\\DICODING ACADEMY\\math-api-test\\src\\FigureCalculator.js": {"path":"F:\\DICODING ACADEMY\\math-api-test\\src\\FigureCalculator.js","statementMap":{"0":{"start":{"line":4,"column":4},"end":{"line":4,"column":32}},"1":{"start":{"line":8,"column":4},"end":{"line":10,"column":5}},"2":{"start":{"line":9,"column":6},"end":{"line":9,"column":61}},"3":{"start":{"line":12,"column":28},"end":{"line":12,"column":32}},"4":{"start":{"line":14,"column":4},"end":{"line":16,"column":5}},"5":{"start":{"line":15,"column":6},"end":{"line":15,"column":63}},"6":{"start":{"line":19,"column":4},"end":{"line":19,"column":75}},"7":{"start":{"line":23,"column":4},"end":{"line":25,"column":5}},"8":{"start":{"line":24,"column":6},"end":{"line":24,"column":61}},"9":{"start":{"line":27,"column":28},"end":{"line":27,"column":32}},"10":{"start":{"line":28,"column":4},"end":{"line":30,"column":5}},"11":{"start":{"line":29,"column":6},"end":{"line":29,"column":64}},"12":{"start":{"line":32,"column":4},"end":{"line":32,"column":51}},"13":{"start":{"line":36,"column":4},"end":{"line":38,"column":5}},"14":{"start":{"line":37,"column":6},"end":{"line":37,"column":57}},"15":{"start":{"line":40,"column":33},"end":{"line":40,"column":37}},"16":{"start":{"line":41,"column":4},"end":{"line":43,"column":5}},"17":{"start":{"line":42,"column":6},"end":{"line":42,"column":64}},"18":{"start":{"line":45,"column":4},"end":{"line":45,"column":72}},"19":{"start":{"line":49,"column":4},"end":{"line":51,"column":5}},"20":{"start":{"line":50,"column":6},"end":{"line":50,"column":59}},"21":{"start":{"line":53,"column":27},"end":{"line":53,"column":31}},"22":{"start":{"line":54,"column":4},"end":{"line":56,"column":5}},"23":{"start":{"line":55,"column":6},"end":{"line":55,"column":63}},"24":{"start":{"line":58,"column":4},"end":{"line":58,"column":79}},"25":{"start":{"line":62,"column":0},"end":{"line":62,"column":34}}},"fnMap":{"0":{"name":"(anonymous_0)","decl":{"start":{"line":3,"column":2},"end":{"line":3,"column":3}},"loc":{"start":{"line":3,"column":25},"end":{"line":5,"column":3}},"line":3},"1":{"name":"(anonymous_1)","decl":{"start":{"line":7,"column":2},"end":{"line":7,"column":3}},"loc":{"start":{"line":7,"column":39},"end":{"line":20,"column":3}},"line":7},"2":{"name":"(anonymous_2)","decl":{"start":{"line":22,"column":2},"end":{"line":22,"column":3}},"loc":{"start":{"line":22,"column":34},"end":{"line":33,"column":3}},"line":22},"3":{"name":"(anonymous_3)","decl":{"start":{"line":35,"column":2},"end":{"line":35,"column":3}},"loc":{"start":{"line":35,"column":38},"end":{"line":46,"column":3}},"line":35},"4":{"name":"(anonymous_4)","decl":{"start":{"line":48,"column":2},"end":{"line":48,"column":3}},"loc":{"start":{"line":48,"column":33},"end":{"line":59,"column":3}},"line":48}},"branchMap":{"0":{"loc":{"start":{"line":8,"column":4},"end":{"line":10,"column":5}},"type":"if","locations":[{"start":{"line":8,"column":4},"end":{"line":10,"column":5}},{"start":{},"end":{}}],"line":8},"1":{"loc":{"start":{"line":14,"column":4},"end":{"line":16,"column":5}},"type":"if","locations":[{"start":{"line":14,"column":4},"end":{"line":16,"column":5}},{"start":{},"end":{}}],"line":14},"2":{"loc":{"start":{"line":14,"column":8},"end":{"line":14,"column":67}},"type":"binary-expr","locations":[{"start":{"line":14,"column":8},"end":{"line":14,"column":36}},{"start":{"line":14,"column":40},"end":{"line":14,"column":67}}],"line":14},"3":{"loc":{"start":{"line":23,"column":4},"end":{"line":25,"column":5}},"type":"if","locations":[{"start":{"line":23,"column":4},"end":{"line":25,"column":5}},{"start":{},"end":{}}],"line":23},"4":{"loc":{"start":{"line":28,"column":4},"end":{"line":30,"column":5}},"type":"if","locations":[{"start":{"line":28,"column":4},"end":{"line":30,"column":5}},{"start":{},"end":{}}],"line":28},"5":{"loc":{"start":{"line":28,"column":8},"end":{"line":28,"column":67}},"type":"binary-expr","locations":[{"start":{"line":28,"column":8},"end":{"line":28,"column":36}},{"start":{"line":28,"column":40},"end":{"line":28,"column":67}}],"line":28},"6":{"loc":{"start":{"line":36,"column":4},"end":{"line":38,"column":5}},"type":"if","locations":[{"start":{"line":36,"column":4},"end":{"line":38,"column":5}},{"start":{},"end":{}}],"line":36},"7":{"loc":{"start":{"line":41,"column":4},"end":{"line":43,"column":5}},"type":"if","locations":[{"start":{"line":41,"column":4},"end":{"line":43,"column":5}},{"start":{},"end":{}}],"line":41},"8":{"loc":{"start":{"line":41,"column":8},"end":{"line":41,"column":96}},"type":"binary-expr","locations":[{"start":{"line":41,"column":8},"end":{"line":41,"column":35}},{"start":{"line":41,"column":39},"end":{"line":41,"column":66}},{"start":{"line":41,"column":70},"end":{"line":41,"column":96}}],"line":41},"9":{"loc":{"start":{"line":49,"column":4},"end":{"line":51,"column":5}},"type":"if","locations":[{"start":{"line":49,"column":4},"end":{"line":51,"column":5}},{"start":{},"end":{}}],"line":49},"10":{"loc":{"start":{"line":54,"column":4},"end":{"line":56,"column":5}},"type":"if","locations":[{"start":{"line":54,"column":4},"end":{"line":56,"column":5}},{"start":{},"end":{}}],"line":54},"11":{"loc":{"start":{"line":54,"column":8},"end":{"line":54,"column":66}},"type":"binary-expr","locations":[{"start":{"line":54,"column":8},"end":{"line":54,"column":34}},{"start":{"line":54,"column":38},"end":{"line":54,"column":66}}],"line":54}},"s":{"0":13,"1":7,"2":3,"3":4,"4":4,"5":3,"6":1,"7":4,"8":3,"9":1,"10":1,"11":0,"12":1,"13":7,"14":6,"15":1,"16":1,"17":0,"18":1,"19":4,"20":3,"21":1,"22":1,"23":0,"24":1,"25":1},"f":{"0":13,"1":7,"2":4,"3":7,"4":4},"b":{"0":[3,4],"1":[3,1],"2":[4,1],"3":[3,1],"4":[0,1],"5":[1,1],"6":[6,1],"7":[0,1],"8":[1,1,1],"9":[3,1],"10":[0,1],"11":[1,1]},"_coverageSchema":"1a1c01bbd47fc00a2c39e90264f33305004495a9","hash":"4079c86bf89f2ac33d6044bfce8a6a86de91c79e"}
,"F:\\DICODING ACADEMY\\math-api-test\\src\\MathBasic.js": {"path":"F:\\DICODING ACADEMY\\math-api-test\\src\\MathBasic.js","statementMap":{"0":{"start":{"line":1,"column":18},"end":{"line":48,"column":1}},"1":{"start":{"line":3,"column":4},"end":{"line":5,"column":5}},"2":{"start":{"line":4,"column":6},"end":{"line":4,"column":65}},"3":{"start":{"line":7,"column":19},"end":{"line":7,"column":23}},"4":{"start":{"line":8,"column":4},"end":{"line":10,"column":5}},"5":{"start":{"line":9,"column":6},"end":{"line":9,"column":68}},"6":{"start":{"line":12,"column":4},"end":{"line":12,"column":17}},"7":{"start":{"line":15,"column":4},"end":{"line":17,"column":5}},"8":{"start":{"line":16,"column":6},"end":{"line":16,"column":70}},"9":{"start":{"line":18,"column":19},"end":{"line":18,"column":23}},"10":{"start":{"line":19,"column":4},"end":{"line":21,"column":5}},"11":{"start":{"line":20,"column":6},"end":{"line":20,"column":73}},"12":{"start":{"line":23,"column":4},"end":{"line":23,"column":17}},"13":{"start":{"line":26,"column":4},"end":{"line":28,"column":5}},"14":{"start":{"line":27,"column":6},"end":{"line":27,"column":70}},"15":{"start":{"line":29,"column":19},"end":{"line":29,"column":23}},"16":{"start":{"line":30,"column":4},"end":{"line":32,"column":5}},"17":{"start":{"line":31,"column":6},"end":{"line":31,"column":64}},"18":{"start":{"line":34,"column":4},"end":{"line":34,"column":17}},"19":{"start":{"line":37,"column":4},"end":{"line":39,"column":5}},"20":{"start":{"line":38,"column":6},"end":{"line":38,"column":68}},"21":{"start":{"line":41,"column":19},"end":{"line":41,"column":23}},"22":{"start":{"line":42,"column":4},"end":{"line":44,"column":5}},"23":{"start":{"line":43,"column":6},"end":{"line":43,"column":71}},"24":{"start":{"line":46,"column":4},"end":{"line":46,"column":17}},"25":{"start":{"line":50,"column":0},"end":{"line":50,"column":27}}},"fnMap":{"0":{"name":"(anonymous_0)","decl":{"start":{"line":2,"column":7},"end":{"line":2,"column":8}},"loc":{"start":{"line":2,"column":20},"end":{"line":13,"column":3}},"line":2},"1":{"name":"(anonymous_1)","decl":{"start":{"line":14,"column":12},"end":{"line":14,"column":13}},"loc":{"start":{"line":14,"column":25},"end":{"line":24,"column":3}},"line":14},"2":{"name":"(anonymous_2)","decl":{"start":{"line":25,"column":12},"end":{"line":25,"column":13}},"loc":{"start":{"line":25,"column":25},"end":{"line":35,"column":3}},"line":25},"3":{"name":"(anonymous_3)","decl":{"start":{"line":36,"column":10},"end":{"line":36,"column":11}},"loc":{"start":{"line":36,"column":23},"end":{"line":47,"column":3}},"line":36}},"branchMap":{"0":{"loc":{"start":{"line":3,"column":4},"end":{"line":5,"column":5}},"type":"if","locations":[{"start":{"line":3,"column":4},"end":{"line":5,"column":5}},{"start":{},"end":{}}],"line":3},"1":{"loc":{"start":{"line":8,"column":4},"end":{"line":10,"column":5}},"type":"if","locations":[{"start":{"line":8,"column":4},"end":{"line":10,"column":5}},{"start":{},"end":{}}],"line":8},"2":{"loc":{"start":{"line":8,"column":8},"end":{"line":8,"column":58}},"type":"binary-expr","locations":[{"start":{"line":8,"column":8},"end":{"line":8,"column":31}},{"start":{"line":8,"column":35},"end":{"line":8,"column":58}}],"line":8},"3":{"loc":{"start":{"line":15,"column":4},"end":{"line":17,"column":5}},"type":"if","locations":[{"start":{"line":15,"column":4},"end":{"line":17,"column":5}},{"start":{},"end":{}}],"line":15},"4":{"loc":{"start":{"line":19,"column":4},"end":{"line":21,"column":5}},"type":"if","locations":[{"start":{"line":19,"column":4},"end":{"line":21,"column":5}},{"start":{},"end":{}}],"line":19},"5":{"loc":{"start":{"line":19,"column":8},"end":{"line":19,"column":58}},"type":"binary-expr","locations":[{"start":{"line":19,"column":8},"end":{"line":19,"column":31}},{"start":{"line":19,"column":35},"end":{"line":19,"column":58}}],"line":19},"6":{"loc":{"start":{"line":26,"column":4},"end":{"line":28,"column":5}},"type":"if","locations":[{"start":{"line":26,"column":4},"end":{"line":28,"column":5}},{"start":{},"end":{}}],"line":26},"7":{"loc":{"start":{"line":30,"column":4},"end":{"line":32,"column":5}},"type":"if","locations":[{"start":{"line":30,"column":4},"end":{"line":32,"column":5}},{"start":{},"end":{}}],"line":30},"8":{"loc":{"start":{"line":30,"column":8},"end":{"line":30,"column":58}},"type":"binary-expr","locations":[{"start":{"line":30,"column":8},"end":{"line":30,"column":31}},{"start":{"line":30,"column":35},"end":{"line":30,"column":58}}],"line":30},"9":{"loc":{"start":{"line":37,"column":4},"end":{"line":39,"column":5}},"type":"if","locations":[{"start":{"line":37,"column":4},"end":{"line":39,"column":5}},{"start":{},"end":{}}],"line":37},"10":{"loc":{"start":{"line":42,"column":4},"end":{"line":44,"column":5}},"type":"if","locations":[{"start":{"line":42,"column":4},"end":{"line":44,"column":5}},{"start":{},"end":{}}],"line":42},"11":{"loc":{"start":{"line":42,"column":8},"end":{"line":42,"column":58}},"type":"binary-expr","locations":[{"start":{"line":42,"column":8},"end":{"line":42,"column":31}},{"start":{"line":42,"column":35},"end":{"line":42,"column":58}}],"line":42}},"s":{"0":3,"1":15,"2":3,"3":12,"4":12,"5":3,"6":9,"7":10,"8":3,"9":7,"10":7,"11":3,"12":4,"13":16,"14":3,"15":13,"16":13,"17":3,"18":10,"19":12,"20":3,"21":9,"22":9,"23":3,"24":6,"25":3},"f":{"0":15,"1":10,"2":16,"3":12},"b":{"0":[3,12],"1":[3,9],"2":[12,9],"3":[3,7],"4":[3,4],"5":[7,4],"6":[3,13],"7":[3,10],"8":[13,10],"9":[3,9],"10":[3,6],"11":[9,6]},"_coverageSchema":"1a1c01bbd47fc00a2c39e90264f33305004495a9","hash":"4c419f3aebad75e85baa6a1e7d5f08fc2abd7b50"}
,"F:\\DICODING ACADEMY\\math-api-test\\src\\createServer.js": {"path":"F:\\DICODING ACADEMY\\math-api-test\\src\\createServer.js","statementMap":{"0":{"start":{"line":2,"column":13},"end":{"line":2,"column":34}},"1":{"start":{"line":4,"column":21},"end":{"line":86,"column":1}},"2":{"start":{"line":5,"column":17},"end":{"line":8,"column":4}},"3":{"start":{"line":10,"column":2},"end":{"line":83,"column":5}},"4":{"start":{"line":15,"column":25},"end":{"line":15,"column":39}},"5":{"start":{"line":16,"column":22},"end":{"line":16,"column":57}},"6":{"start":{"line":17,"column":8},"end":{"line":17,"column":25}},"7":{"start":{"line":24,"column":25},"end":{"line":24,"column":39}},"8":{"start":{"line":25,"column":22},"end":{"line":25,"column":62}},"9":{"start":{"line":26,"column":8},"end":{"line":26,"column":25}},"10":{"start":{"line":33,"column":25},"end":{"line":33,"column":39}},"11":{"start":{"line":34,"column":22},"end":{"line":34,"column":62}},"12":{"start":{"line":35,"column":8},"end":{"line":35,"column":25}},"13":{"start":{"line":42,"column":25},"end":{"line":42,"column":39}},"14":{"start":{"line":43,"column":22},"end":{"line":43,"column":60}},"15":{"start":{"line":44,"column":8},"end":{"line":44,"column":25}},"16":{"start":{"line":51,"column":34},"end":{"line":51,"column":48}},"17":{"start":{"line":52,"column":22},"end":{"line":52,"column":89}},"18":{"start":{"line":53,"column":8},"end":{"line":53,"column":25}},"19":{"start":{"line":60,"column":34},"end":{"line":60,"column":48}},"20":{"start":{"line":61,"column":22},"end":{"line":61,"column":71}},"21":{"start":{"line":62,"column":8},"end":{"line":62,"column":25}},"22":{"start":{"line":69,"column":39},"end":{"line":69,"column":53}},"23":{"start":{"line":70,"column":22},"end":{"line":70,"column":82}},"24":{"start":{"line":71,"column":8},"end":{"line":71,"column":25}},"25":{"start":{"line":78,"column":33},"end":{"line":78,"column":47}},"26":{"start":{"line":79,"column":22},"end":{"line":79,"column":91}},"27":{"start":{"line":80,"column":8},"end":{"line":80,"column":25}},"28":{"start":{"line":85,"column":2},"end":{"line":85,"column":16}},"29":{"start":{"line":88,"column":0},"end":{"line":88,"column":30}}},"fnMap":{"0":{"name":"(anonymous_0)","decl":{"start":{"line":4,"column":21},"end":{"line":4,"column":22}},"loc":{"start":{"line":4,"column":40},"end":{"line":86,"column":1}},"line":4},"1":{"name":"(anonymous_1)","decl":{"start":{"line":14,"column":15},"end":{"line":14,"column":16}},"loc":{"start":{"line":14,"column":28},"end":{"line":18,"column":7}},"line":14},"2":{"name":"(anonymous_2)","decl":{"start":{"line":23,"column":15},"end":{"line":23,"column":16}},"loc":{"start":{"line":23,"column":28},"end":{"line":27,"column":7}},"line":23},"3":{"name":"(anonymous_3)","decl":{"start":{"line":32,"column":15},"end":{"line":32,"column":16}},"loc":{"start":{"line":32,"column":28},"end":{"line":36,"column":7}},"line":32},"4":{"name":"(anonymous_4)","decl":{"start":{"line":41,"column":15},"end":{"line":41,"column":16}},"loc":{"start":{"line":41,"column":28},"end":{"line":45,"column":7}},"line":41},"5":{"name":"(anonymous_5)","decl":{"start":{"line":50,"column":15},"end":{"line":50,"column":16}},"loc":{"start":{"line":50,"column":28},"end":{"line":54,"column":7}},"line":50},"6":{"name":"(anonymous_6)","decl":{"start":{"line":59,"column":15},"end":{"line":59,"column":16}},"loc":{"start":{"line":59,"column":28},"end":{"line":63,"column":7}},"line":59},"7":{"name":"(anonymous_7)","decl":{"start":{"line":68,"column":15},"end":{"line":68,"column":16}},"loc":{"start":{"line":68,"column":28},"end":{"line":72,"column":7}},"line":68},"8":{"name":"(anonymous_8)","decl":{"start":{"line":77,"column":15},"end":{"line":77,"column":16}},"loc":{"start":{"line":77,"column":28},"end":{"line":81,"column":7}},"line":77}},"branchMap":{},"s":{"0":1,"1":1,"2":8,"3":8,"4":1,"5":1,"6":1,"7":1,"8":1,"9":1,"10":1,"11":1,"12":1,"13":1,"14":1,"15":1,"16":1,"17":1,"18":1,"19":1,"20":1,"21":1,"22":1,"23":1,"24":1,"25":1,"26":1,"27":1,"28":8,"29":1},"f":{"0":8,"1":1,"2":1,"3":1,"4":1,"5":1,"6":1,"7":1,"8":1},"b":{},"_coverageSchema":"1a1c01bbd47fc00a2c39e90264f33305004495a9","hash":"16a12e6fd5bb1dd325b4cbfbe5d358b67e056052"}
,"F:\\DICODING ACADEMY\\math-api-test\\src\\Rocket\\Rocket.js": {"path":"F:\\DICODING ACADEMY\\math-api-test\\src\\Rocket\\Rocket.js","statementMap":{"0":{"start":{"line":3,"column":4},"end":{"line":3,"column":21}},"1":{"start":{"line":4,"column":4},"end":{"line":4,"column":35}},"2":{"start":{"line":8,"column":0},"end":{"line":8,"column":24}}},"fnMap":{"0":{"name":"(anonymous_0)","decl":{"start":{"line":2,"column":2},"end":{"line":2,"column":3}},"loc":{"start":{"line":2,"column":20},"end":{"line":5,"column":3}},"line":2}},"branchMap":{},"s":{"0":8,"1":8,"2":1},"f":{"0":8},"b":{},"_coverageSchema":"1a1c01bbd47fc00a2c39e90264f33305004495a9","hash":"debe07b8f92c1a3eadc03fc958d50fb4e4c282b7"}
,"F:\\DICODING ACADEMY\\math-api-test\\src\\Rocket\\RocketLauncher.js": {"path":"F:\\DICODING ACADEMY\\math-api-test\\src\\Rocket\\RocketLauncher.js","statementMap":{"0":{"start":{"line":7,"column":4},"end":{"line":7,"column":31}},"1":{"start":{"line":8,"column":4},"end":{"line":8,"column":27}},"2":{"start":{"line":12,"column":4},"end":{"line":14,"column":7}},"3":{"start":{"line":13,"column":6},"end":{"line":13,"column":37}},"4":{"start":{"line":16,"column":4},"end":{"line":16,"column":22}},"5":{"start":{"line":20,"column":19},"end":{"line":20,"column":39}},"6":{"start":{"line":21,"column":4},"end":{"line":21,"column":35}},"7":{"start":{"line":25,"column":28},"end":{"line":25,"column":29}},"8":{"start":{"line":27,"column":4},"end":{"line":33,"column":5}},"9":{"start":{"line":28,"column":6},"end":{"line":32,"column":7}},"10":{"start":{"line":29,"column":8},"end":{"line":29,"column":44}},"11":{"start":{"line":31,"column":8},"end":{"line":31,"column":28}},"12":{"start":{"line":35,"column":4},"end":{"line":37,"column":5}},"13":{"start":{"line":36,"column":6},"end":{"line":36,"column":36}},"14":{"start":{"line":39,"column":4},"end":{"line":39,"column":93}},"15":{"start":{"line":43,"column":0},"end":{"line":43,"column":32}}},"fnMap":{"0":{"name":"(anonymous_0)","decl":{"start":{"line":6,"column":2},"end":{"line":6,"column":3}},"loc":{"start":{"line":6,"column":39},"end":{"line":9,"column":3}},"line":6},"1":{"name":"(anonymous_1)","decl":{"start":{"line":11,"column":2},"end":{"line":11,"column":3}},"loc":{"start":{"line":11,"column":21},"end":{"line":17,"column":3}},"line":11},"2":{"name":"(anonymous_2)","decl":{"start":{"line":12,"column":25},"end":{"line":12,"column":26}},"loc":{"start":{"line":12,"column":37},"end":{"line":14,"column":5}},"line":12},"3":{"name":"(anonymous_3)","decl":{"start":{"line":19,"column":2},"end":{"line":19,"column":3}},"loc":{"start":{"line":19,"column":24},"end":{"line":22,"column":3}},"line":19},"4":{"name":"(anonymous_4)","decl":{"start":{"line":24,"column":2},"end":{"line":24,"column":3}},"loc":{"start":{"line":24,"column":27},"end":{"line":40,"column":3}},"line":24}},"branchMap":{"0":{"loc":{"start":{"line":6,"column":25},"end":{"line":6,"column":37}},"type":"default-arg","locations":[{"start":{"line":6,"column":35},"end":{"line":6,"column":37}}],"line":6},"1":{"loc":{"start":{"line":35,"column":4},"end":{"line":37,"column":5}},"type":"if","locations":[{"start":{"line":35,"column":4},"end":{"line":37,"column":5}},{"start":{},"end":{}}],"line":35}},"s":{"0":5,"1":5,"2":1,"3":2,"4":1,"5":1,"6":1,"7":3,"8":3,"9":5,"10":5,"11":2,"12":3,"13":1,"14":2,"15":1},"f":{"0":5,"1":1,"2":2,"3":1,"4":3},"b":{"0":[0],"1":[1,2]},"_coverageSchema":"1a1c01bbd47fc00a2c39e90264f33305004495a9","hash":"a2e489d659ada0ea0974dc3e0e370e33564ab936"}
,"F:\\DICODING ACADEMY\\math-api-test\\src\\Rocket\\RocketRepairKit.js": {"path":"F:\\DICODING ACADEMY\\math-api-test\\src\\Rocket\\RocketRepairKit.js","statementMap":{"0":{"start":{"line":8,"column":4},"end":{"line":8,"column":21}},"1":{"start":{"line":9,"column":4},"end":{"line":9,"column":21}},"2":{"start":{"line":10,"column":4},"end":{"line":10,"column":21}},"3":{"start":{"line":18,"column":4},"end":{"line":20,"column":7}},"4":{"start":{"line":19,"column":6},"end":{"line":19,"column":65}},"5":{"start":{"line":19,"column":23},"end":{"line":19,"column":58}},"6":{"start":{"line":24,"column":0},"end":{"line":24,"column":33}}},"fnMap":{"0":{"name":"(anonymous_0)","decl":{"start":{"line":7,"column":2},"end":{"line":7,"column":3}},"loc":{"start":{"line":7,"column":32},"end":{"line":11,"column":3}},"line":7},"1":{"name":"(anonymous_1)","decl":{"start":{"line":13,"column":2},"end":{"line":13,"column":3}},"loc":{"start":{"line":13,"column":17},"end":{"line":21,"column":3}},"line":13},"2":{"name":"(anonymous_2)","decl":{"start":{"line":18,"column":23},"end":{"line":18,"column":24}},"loc":{"start":{"line":18,"column":36},"end":{"line":20,"column":5}},"line":18},"3":{"name":"(anonymous_3)","decl":{"start":{"line":19,"column":17},"end":{"line":19,"column":18}},"loc":{"start":{"line":19,"column":23},"end":{"line":19,"column":58}},"line":19}},"branchMap":{},"s":{"0":1,"1":1,"2":1,"3":2,"4":2,"5":2,"6":1},"f":{"0":1,"1":2,"2":2,"3":2},"b":{},"_coverageSchema":"1a1c01bbd47fc00a2c39e90264f33305004495a9","hash":"4107921f0bc724df1de32d50e0d307d89b4938fb"}
}
