TN:
SF:src\FigureCalculator.js
FN:3,(anonymous_0)
FN:7,(anonymous_1)
FN:22,(anonymous_2)
FN:35,(anonymous_3)
FN:48,(anonymous_4)
FNF:5
FNH:5
FNDA:13,(anonymous_0)
FNDA:7,(anonymous_1)
FNDA:4,(anonymous_2)
FNDA:7,(anonymous_3)
FNDA:4,(anonymous_4)
DA:4,13
DA:8,7
DA:9,3
DA:12,4
DA:14,4
DA:15,3
DA:19,1
DA:23,4
DA:24,3
DA:27,1
DA:28,1
DA:29,0
DA:32,1
DA:36,7
DA:37,6
DA:40,1
DA:41,1
DA:42,0
DA:45,1
DA:49,4
DA:50,3
DA:53,1
DA:54,1
DA:55,0
DA:58,1
DA:62,1
LF:26
LH:23
BRDA:8,0,0,3
BRDA:8,0,1,4
BRDA:14,1,0,3
BRDA:14,1,1,1
BRDA:14,2,0,4
BRDA:14,2,1,1
BRDA:23,3,0,3
BRDA:23,3,1,1
BRDA:28,4,0,0
BRDA:28,4,1,1
BRDA:28,5,0,1
BRDA:28,5,1,1
BRDA:36,6,0,6
BRDA:36,6,1,1
BRDA:41,7,0,0
BRDA:41,7,1,1
BRDA:41,8,0,1
BRDA:41,8,1,1
BRDA:41,8,2,1
BRDA:49,9,0,3
BRDA:49,9,1,1
BRDA:54,10,0,0
BRDA:54,10,1,1
BRDA:54,11,0,1
BRDA:54,11,1,1
BRF:25
BRH:22
end_of_record
TN:
SF:src\MathBasic.js
FN:2,(anonymous_0)
FN:14,(anonymous_1)
FN:25,(anonymous_2)
FN:36,(anonymous_3)
FNF:4
FNH:4
FNDA:15,(anonymous_0)
FNDA:10,(anonymous_1)
FNDA:16,(anonymous_2)
FNDA:12,(anonymous_3)
DA:1,3
DA:3,15
DA:4,3
DA:7,12
DA:8,12
DA:9,3
DA:12,9
DA:15,10
DA:16,3
DA:18,7
DA:19,7
DA:20,3
DA:23,4
DA:26,16
DA:27,3
DA:29,13
DA:30,13
DA:31,3
DA:34,10
DA:37,12
DA:38,3
DA:41,9
DA:42,9
DA:43,3
DA:46,6
DA:50,3
LF:26
LH:26
BRDA:3,0,0,3
BRDA:3,0,1,12
BRDA:8,1,0,3
BRDA:8,1,1,9
BRDA:8,2,0,12
BRDA:8,2,1,9
BRDA:15,3,0,3
BRDA:15,3,1,7
BRDA:19,4,0,3
BRDA:19,4,1,4
BRDA:19,5,0,7
BRDA:19,5,1,4
BRDA:26,6,0,3
BRDA:26,6,1,13
BRDA:30,7,0,3
BRDA:30,7,1,10
BRDA:30,8,0,13
BRDA:30,8,1,10
BRDA:37,9,0,3
BRDA:37,9,1,9
BRDA:42,10,0,3
BRDA:42,10,1,6
BRDA:42,11,0,9
BRDA:42,11,1,6
BRF:24
BRH:24
end_of_record
TN:
SF:src\createServer.js
FN:4,(anonymous_0)
FN:14,(anonymous_1)
FN:23,(anonymous_2)
FN:32,(anonymous_3)
FN:41,(anonymous_4)
FN:50,(anonymous_5)
FN:59,(anonymous_6)
FN:68,(anonymous_7)
FN:77,(anonymous_8)
FNF:9
FNH:9
FNDA:8,(anonymous_0)
FNDA:1,(anonymous_1)
FNDA:1,(anonymous_2)
FNDA:1,(anonymous_3)
FNDA:1,(anonymous_4)
FNDA:1,(anonymous_5)
FNDA:1,(anonymous_6)
FNDA:1,(anonymous_7)
FNDA:1,(anonymous_8)
DA:2,1
DA:4,1
DA:5,8
DA:10,8
DA:15,1
DA:16,1
DA:17,1
DA:24,1
DA:25,1
DA:26,1
DA:33,1
DA:34,1
DA:35,1
DA:42,1
DA:43,1
DA:44,1
DA:51,1
DA:52,1
DA:53,1
DA:60,1
DA:61,1
DA:62,1
DA:69,1
DA:70,1
DA:71,1
DA:78,1
DA:79,1
DA:80,1
DA:85,8
DA:88,1
LF:30
LH:30
BRF:0
BRH:0
end_of_record
TN:
SF:src\Rocket\Rocket.js
FN:2,(anonymous_0)
FNF:1
FNH:1
FNDA:8,(anonymous_0)
DA:3,8
DA:4,8
DA:8,1
LF:3
LH:3
BRF:0
BRH:0
end_of_record
TN:
SF:src\Rocket\RocketLauncher.js
FN:6,(anonymous_0)
FN:11,(anonymous_1)
FN:12,(anonymous_2)
FN:19,(anonymous_3)
FN:24,(anonymous_4)
FNF:5
FNH:5
FNDA:5,(anonymous_0)
FNDA:1,(anonymous_1)
FNDA:2,(anonymous_2)
FNDA:1,(anonymous_3)
FNDA:3,(anonymous_4)
DA:7,5
DA:8,5
DA:12,1
DA:13,2
DA:16,1
DA:20,1
DA:21,1
DA:25,3
DA:27,3
DA:28,5
DA:29,5
DA:31,2
DA:35,3
DA:36,1
DA:39,2
DA:43,1
LF:16
LH:16
BRDA:6,0,0,0
BRDA:35,1,0,1
BRDA:35,1,1,2
BRF:3
BRH:2
end_of_record
TN:
SF:src\Rocket\RocketRepairKit.js
FN:7,(anonymous_0)
FN:13,(anonymous_1)
FN:18,(anonymous_2)
FN:19,(anonymous_3)
FNF:4
FNH:4
FNDA:1,(anonymous_0)
FNDA:2,(anonymous_1)
FNDA:2,(anonymous_2)
FNDA:2,(anonymous_3)
DA:8,1
DA:9,1
DA:10,1
DA:18,2
DA:19,2
DA:24,1
LF:6
LH:6
BRF:0
BRH:0
end_of_record
